# JRE version: OpenJDK Runtime Environment Temurin-21.0.7+6 (21.0.7+6) (build 21.0.7+6-LTS)
# Java VM: OpenJDK 64-Bit Server VM Temurin-21.0.7+6 (21.0.7+6-LTS, mixed mode, sharing, tiered, compressed oops, compressed class ptrs, parallel gc, windows-amd64)
GC Precious Log:
 CardTable entry size: 512
 CPUs: 12 total, 12 available
 Memory: 7561M
 Large Page Support: Disabled
 NUMA Support: Disabled
 Compressed Oops: Enabled (32-bit)
 Alignments: Space 512K, Generation 512K, Heap 2M
 Heap Min Capacity: 100M
 Heap Initial Capacity: 100M
 Heap Max Capacity: 1G
 Pre-touch: Disabled
 Parallel Workers: 10
Heap:
 PSYoungGen      total 9728K, used 1808K [0x00000000eab00000, 0x00000000eb680000, 0x0000000100000000)
  eden space 7680K, 0% used [0x00000000eab00000,0x00000000eab00000,0x00000000eb280000)
  from space 2048K, 88% used [0x00000000eb280000,0x00000000eb444028,0x00000000eb480000)
  to   space 2048K, 0% used [0x00000000eb480000,0x00000000eb480000,0x00000000eb680000)
 ParOldGen       total 174592K, used 174333K [0x00000000c0000000, 0x00000000caa80000, 0x00000000eab00000)
  object space 174592K, 99% used [0x00000000c0000000,0x00000000caa3f458,0x00000000caa80000)
 Metaspace       used 58383K, committed 59648K, reserved 1114112K
  class space    used 6229K, committed 6784K, reserved 1048576K
GC Heap History (20 events):
Event: 29.089 GC heap after
{Heap after GC invocations=71 (full 2):
 PSYoungGen      total 9728K, used 1744K [0x00000000eab00000, 0x00000000eb880000, 0x0000000100000000)
  eden space 7680K, 0% used [0x00000000eab00000,0x00000000eab00000,0x00000000eb280000)
  from space 2048K, 85% used [0x00000000eb280000,0x00000000eb434080,0x00000000eb480000)
  to   space 3072K, 0% used [0x00000000eb580000,0x00000000eb580000,0x00000000eb880000)
 ParOldGen       total 157696K, used 157373K [0x00000000c0000000, 0x00000000c9a00000, 0x00000000eab00000)
  object space 157696K, 99% used [0x00000000c0000000,0x00000000c99af760,0x00000000c9a00000)
 Metaspace       used 58365K, committed 59584K, reserved 1114112K
  class space    used 6229K, committed 6784K, reserved 1048576K
}
Event: 29.126 GC heap before
{Heap before GC invocations=72 (full 2):
 PSYoungGen      total 9728K, used 9424K [0x00000000eab00000, 0x00000000eb880000, 0x0000000100000000)
  eden space 7680K, 100% used [0x00000000eab00000,0x00000000eb280000,0x00000000eb280000)
  from space 2048K, 85% used [0x00000000eb280000,0x00000000eb434080,0x00000000eb480000)
  to   space 3072K, 0% used [0x00000000eb580000,0x00000000eb580000,0x00000000eb880000)
 ParOldGen       total 157696K, used 157373K [0x00000000c0000000, 0x00000000c9a00000, 0x00000000eab00000)
  object space 157696K, 99% used [0x00000000c0000000,0x00000000c99af760,0x00000000c9a00000)
 Metaspace       used 58366K, committed 59584K, reserved 1114112K
  class space    used 6229K, committed 6784K, reserved 1048576K
}
Event: 29.128 GC heap after
{Heap after GC invocations=72 (full 2):
 PSYoungGen      total 9728K, used 1862K [0x00000000eab00000, 0x00000000eb780000, 0x0000000100000000)
  eden space 7680K, 0% used [0x00000000eab00000,0x00000000eab00000,0x00000000eb280000)
  from space 2048K, 90% used [0x00000000eb580000,0x00000000eb751ab8,0x00000000eb780000)
  to   space 2048K, 0% used [0x00000000eb280000,0x00000000eb280000,0x00000000eb480000)
 ParOldGen       total 159232K, used 158953K [0x00000000c0000000, 0x00000000c9b80000, 0x00000000eab00000)
  object space 159232K, 99% used [0x00000000c0000000,0x00000000c9b3a600,0x00000000c9b80000)
 Metaspace       used 58366K, committed 59584K, reserved 1114112K
  class space    used 6229K, committed 6784K, reserved 1048576K
}
Event: 29.164 GC heap before
{Heap before GC invocations=73 (full 2):
 PSYoungGen      total 9728K, used 9542K [0x00000000eab00000, 0x00000000eb780000, 0x0000000100000000)
  eden space 7680K, 100% used [0x00000000eab00000,0x00000000eb280000,0x00000000eb280000)
  from space 2048K, 90% used [0x00000000eb580000,0x00000000eb751ab8,0x00000000eb780000)
  to   space 2048K, 0% used [0x00000000eb280000,0x00000000eb280000,0x00000000eb480000)
 ParOldGen       total 159232K, used 158953K [0x00000000c0000000, 0x00000000c9b80000, 0x00000000eab00000)
  object space 159232K, 99% used [0x00000000c0000000,0x00000000c9b3a600,0x00000000c9b80000)
 Metaspace       used 58370K, committed 59584K, reserved 1114112K
  class space    used 6229K, committed 6784K, reserved 1048576K
}
Event: 29.166 GC heap after
{Heap after GC invocations=73 (full 2):
 PSYoungGen      total 9728K, used 1800K [0x00000000eab00000, 0x00000000eb680000, 0x0000000100000000)
  eden space 7680K, 0% used [0x00000000eab00000,0x00000000eab00000,0x00000000eb280000)
  from space 2048K, 87% used [0x00000000eb280000,0x00000000eb4423c0,0x00000000eb480000)
  to   space 2048K, 0% used [0x00000000eb480000,0x00000000eb480000,0x00000000eb680000)
 ParOldGen       total 160768K, used 160554K [0x00000000c0000000, 0x00000000c9d00000, 0x00000000eab00000)
  object space 160768K, 99% used [0x00000000c0000000,0x00000000c9cca818,0x00000000c9d00000)
 Metaspace       used 58370K, committed 59584K, reserved 1114112K
  class space    used 6229K, committed 6784K, reserved 1048576K
}
Event: 29.195 GC heap before
{Heap before GC invocations=74 (full 2):
 PSYoungGen      total 9728K, used 9480K [0x00000000eab00000, 0x00000000eb680000, 0x0000000100000000)
  eden space 7680K, 100% used [0x00000000eab00000,0x00000000eb280000,0x00000000eb280000)
  from space 2048K, 87% used [0x00000000eb280000,0x00000000eb4423c0,0x00000000eb480000)
  to   space 2048K, 0% used [0x00000000eb480000,0x00000000eb480000,0x00000000eb680000)
 ParOldGen       total 160768K, used 160554K [0x00000000c0000000, 0x00000000c9d00000, 0x00000000eab00000)
  object space 160768K, 99% used [0x00000000c0000000,0x00000000c9cca818,0x00000000c9d00000)
 Metaspace       used 58370K, committed 59584K, reserved 1114112K
  class space    used 6229K, committed 6784K, reserved 1048576K
}
Event: 29.198 GC heap after
{Heap after GC invocations=74 (full 2):
 PSYoungGen      total 9728K, used 1852K [0x00000000eab00000, 0x00000000eb680000, 0x0000000100000000)
  eden space 7680K, 0% used [0x00000000eab00000,0x00000000eab00000,0x00000000eb280000)
  from space 2048K, 90% used [0x00000000eb480000,0x00000000eb64f180,0x00000000eb680000)
  to   space 2048K, 0% used [0x00000000eb280000,0x00000000eb280000,0x00000000eb480000)
 ParOldGen       total 162304K, used 162202K [0x00000000c0000000, 0x00000000c9e80000, 0x00000000eab00000)
  object space 162304K, 99% used [0x00000000c0000000,0x00000000c9e668d0,0x00000000c9e80000)
 Metaspace       used 58370K, committed 59584K, reserved 1114112K
  class space    used 6229K, committed 6784K, reserved 1048576K
}
Event: 29.223 GC heap before
{Heap before GC invocations=75 (full 2):
 PSYoungGen      total 9728K, used 9532K [0x00000000eab00000, 0x00000000eb680000, 0x0000000100000000)
  eden space 7680K, 100% used [0x00000000eab00000,0x00000000eb280000,0x00000000eb280000)
  from space 2048K, 90% used [0x00000000eb480000,0x00000000eb64f180,0x00000000eb680000)
  to   space 2048K, 0% used [0x00000000eb280000,0x00000000eb280000,0x00000000eb480000)
 ParOldGen       total 162304K, used 162202K [0x00000000c0000000, 0x00000000c9e80000, 0x00000000eab00000)
  object space 162304K, 99% used [0x00000000c0000000,0x00000000c9e668d0,0x00000000c9e80000)
 Metaspace       used 58370K, committed 59584K, reserved 1114112K
  class space    used 6229K, committed 6784K, reserved 1048576K
}
Event: 29.226 GC heap after
{Heap after GC invocations=75 (full 2):
 PSYoungGen      total 9728K, used 1884K [0x00000000eab00000, 0x00000000eb680000, 0x0000000100000000)
  eden space 7680K, 0% used [0x00000000eab00000,0x00000000eab00000,0x00000000eb280000)
  from space 2048K, 91% used [0x00000000eb280000,0x00000000eb457020,0x00000000eb480000)
  to   space 2048K, 0% used [0x00000000eb480000,0x00000000eb480000,0x00000000eb680000)
 ParOldGen       total 164352K, used 163918K [0x00000000c0000000, 0x00000000ca080000, 0x00000000eab00000)
  object space 164352K, 99% used [0x00000000c0000000,0x00000000ca013a90,0x00000000ca080000)
 Metaspace       used 58370K, committed 59584K, reserved 1114112K
  class space    used 6229K, committed 6784K, reserved 1048576K
}
Event: 29.256 GC heap before
{Heap before GC invocations=76 (full 2):
 PSYoungGen      total 9728K, used 9564K [0x00000000eab00000, 0x00000000eb680000, 0x0000000100000000)
  eden space 7680K, 100% used [0x00000000eab00000,0x00000000eb280000,0x00000000eb280000)
  from space 2048K, 91% used [0x00000000eb280000,0x00000000eb457020,0x00000000eb480000)
  to   space 2048K, 0% used [0x00000000eb480000,0x00000000eb480000,0x00000000eb680000)
 ParOldGen       total 164352K, used 163918K [0x00000000c0000000, 0x00000000ca080000, 0x00000000eab00000)
  object space 164352K, 99% used [0x00000000c0000000,0x00000000ca013a90,0x00000000ca080000)
 Metaspace       used 58371K, committed 59584K, reserved 1114112K
  class space    used 6229K, committed 6784K, reserved 1048576K
}
Event: 29.259 GC heap after
{Heap after GC invocations=76 (full 2):
 PSYoungGen      total 9728K, used 1941K [0x00000000eab00000, 0x00000000eb680000, 0x0000000100000000)
  eden space 7680K, 0% used [0x00000000eab00000,0x00000000eab00000,0x00000000eb280000)
  from space 2048K, 94% used [0x00000000eb480000,0x00000000eb665530,0x00000000eb680000)
  to   space 2048K, 0% used [0x00000000eb280000,0x00000000eb280000,0x00000000eb480000)
 ParOldGen       total 165888K, used 165630K [0x00000000c0000000, 0x00000000ca200000, 0x00000000eab00000)
  object space 165888K, 99% used [0x00000000c0000000,0x00000000ca1bfb30,0x00000000ca200000)
 Metaspace       used 58371K, committed 59584K, reserved 1114112K
  class space    used 6229K, committed 6784K, reserved 1048576K
}
Event: 29.290 GC heap before
{Heap before GC invocations=77 (full 2):
 PSYoungGen      total 9728K, used 9621K [0x00000000eab00000, 0x00000000eb680000, 0x0000000100000000)
  eden space 7680K, 100% used [0x00000000eab00000,0x00000000eb280000,0x00000000eb280000)
  from space 2048K, 94% used [0x00000000eb480000,0x00000000eb665530,0x00000000eb680000)
  to   space 2048K, 0% used [0x00000000eb280000,0x00000000eb280000,0x00000000eb480000)
 ParOldGen       total 165888K, used 165630K [0x00000000c0000000, 0x00000000ca200000, 0x00000000eab00000)
  object space 165888K, 99% used [0x00000000c0000000,0x00000000ca1bfb30,0x00000000ca200000)
 Metaspace       used 58377K, committed 59584K, reserved 1114112K
  class space    used 6229K, committed 6784K, reserved 1048576K
}
Event: 29.292 GC heap after
{Heap after GC invocations=77 (full 2):
 PSYoungGen      total 9728K, used 1917K [0x00000000eab00000, 0x00000000eb680000, 0x0000000100000000)
  eden space 7680K, 0% used [0x00000000eab00000,0x00000000eab00000,0x00000000eb280000)
  from space 2048K, 93% used [0x00000000eb280000,0x00000000eb45f740,0x00000000eb480000)
  to   space 2048K, 0% used [0x00000000eb480000,0x00000000eb480000,0x00000000eb680000)
 ParOldGen       total 167424K, used 167341K [0x00000000c0000000, 0x00000000ca380000, 0x00000000eab00000)
  object space 167424K, 99% used [0x00000000c0000000,0x00000000ca36b418,0x00000000ca380000)
 Metaspace       used 58377K, committed 59584K, reserved 1114112K
  class space    used 6229K, committed 6784K, reserved 1048576K
}
Event: 29.312 GC heap before
{Heap before GC invocations=78 (full 2):
 PSYoungGen      total 9728K, used 9597K [0x00000000eab00000, 0x00000000eb680000, 0x0000000100000000)
  eden space 7680K, 100% used [0x00000000eab00000,0x00000000eb280000,0x00000000eb280000)
  from space 2048K, 93% used [0x00000000eb280000,0x00000000eb45f740,0x00000000eb480000)
  to   space 2048K, 0% used [0x00000000eb480000,0x00000000eb480000,0x00000000eb680000)
 ParOldGen       total 167424K, used 167341K [0x00000000c0000000, 0x00000000ca380000, 0x00000000eab00000)
  object space 167424K, 99% used [0x00000000c0000000,0x00000000ca36b418,0x00000000ca380000)
 Metaspace       used 58379K, committed 59648K, reserved 1114112K
  class space    used 6229K, committed 6784K, reserved 1048576K
}
Event: 29.314 GC heap after
{Heap after GC invocations=78 (full 2):
 PSYoungGen      total 9728K, used 2015K [0x00000000eab00000, 0x00000000eb680000, 0x0000000100000000)
  eden space 7680K, 0% used [0x00000000eab00000,0x00000000eab00000,0x00000000eb280000)
  from space 2048K, 98% used [0x00000000eb480000,0x00000000eb677c30,0x00000000eb680000)
  to   space 2048K, 0% used [0x00000000eb280000,0x00000000eb280000,0x00000000eb480000)
 ParOldGen       total 169472K, used 169084K [0x00000000c0000000, 0x00000000ca580000, 0x00000000eab00000)
  object space 169472K, 99% used [0x00000000c0000000,0x00000000ca51f1d0,0x00000000ca580000)
 Metaspace       used 58379K, committed 59648K, reserved 1114112K
  class space    used 6229K, committed 6784K, reserved 1048576K
}
Event: 29.339 GC heap before
{Heap before GC invocations=79 (full 2):
 PSYoungGen      total 9728K, used 9695K [0x00000000eab00000, 0x00000000eb680000, 0x0000000100000000)
  eden space 7680K, 100% used [0x00000000eab00000,0x00000000eb280000,0x00000000eb280000)
  from space 2048K, 98% used [0x00000000eb480000,0x00000000eb677c30,0x00000000eb680000)
  to   space 2048K, 0% used [0x00000000eb280000,0x00000000eb280000,0x00000000eb480000)
 ParOldGen       total 169472K, used 169084K [0x00000000c0000000, 0x00000000ca580000, 0x00000000eab00000)
  object space 169472K, 99% used [0x00000000c0000000,0x00000000ca51f1d0,0x00000000ca580000)
 Metaspace       used 58379K, committed 59648K, reserved 1114112K
  class space    used 6229K, committed 6784K, reserved 1048576K
}
Event: 29.341 GC heap after
{Heap after GC invocations=79 (full 2):
 PSYoungGen      total 9728K, used 1830K [0x00000000eab00000, 0x00000000eb680000, 0x0000000100000000)
  eden space 7680K, 0% used [0x00000000eab00000,0x00000000eab00000,0x00000000eb280000)
  from space 2048K, 89% used [0x00000000eb280000,0x00000000eb449b48,0x00000000eb480000)
  to   space 2048K, 0% used [0x00000000eb480000,0x00000000eb480000,0x00000000eb680000)
 ParOldGen       total 171008K, used 170879K [0x00000000c0000000, 0x00000000ca700000, 0x00000000eab00000)
  object space 171008K, 99% used [0x00000000c0000000,0x00000000ca6dfe48,0x00000000ca700000)
 Metaspace       used 58379K, committed 59648K, reserved 1114112K
  class space    used 6229K, committed 6784K, reserved 1048576K
}
Event: 29.361 GC heap before
{Heap before GC invocations=80 (full 2):
 PSYoungGen      total 9728K, used 9510K [0x00000000eab00000, 0x00000000eb680000, 0x0000000100000000)
  eden space 7680K, 100% used [0x00000000eab00000,0x00000000eb280000,0x00000000eb280000)
  from space 2048K, 89% used [0x00000000eb280000,0x00000000eb449b48,0x00000000eb480000)
  to   space 2048K, 0% used [0x00000000eb480000,0x00000000eb480000,0x00000000eb680000)
 ParOldGen       total 171008K, used 170879K [0x00000000c0000000, 0x00000000ca700000, 0x00000000eab00000)
  object space 171008K, 99% used [0x00000000c0000000,0x00000000ca6dfe48,0x00000000ca700000)
 Metaspace       used 58382K, committed 59648K, reserved 1114112K
  class space    used 6229K, committed 6784K, reserved 1048576K
}
Event: 29.363 GC heap after
{Heap after GC invocations=80 (full 2):
 PSYoungGen      total 9728K, used 1935K [0x00000000eab00000, 0x00000000eb680000, 0x0000000100000000)
  eden space 7680K, 0% used [0x00000000eab00000,0x00000000eab00000,0x00000000eb280000)
  from space 2048K, 94% used [0x00000000eb480000,0x00000000eb663c20,0x00000000eb680000)
  to   space 2048K, 0% used [0x00000000eb280000,0x00000000eb280000,0x00000000eb480000)
 ParOldGen       total 173056K, used 172572K [0x00000000c0000000, 0x00000000ca900000, 0x00000000eab00000)
  object space 173056K, 99% used [0x00000000c0000000,0x00000000ca887170,0x00000000ca900000)
 Metaspace       used 58382K, committed 59648K, reserved 1114112K
  class space    used 6229K, committed 6784K, reserved 1048576K
}
Event: 29.393 GC heap before
{Heap before GC invocations=81 (full 2):
 PSYoungGen      total 9728K, used 9615K [0x00000000eab00000, 0x00000000eb680000, 0x0000000100000000)
  eden space 7680K, 100% used [0x00000000eab00000,0x00000000eb280000,0x00000000eb280000)
  from space 2048K, 94% used [0x00000000eb480000,0x00000000eb663c20,0x00000000eb680000)
  to   space 2048K, 0% used [0x00000000eb280000,0x00000000eb280000,0x00000000eb480000)
 ParOldGen       total 173056K, used 172572K [0x00000000c0000000, 0x00000000ca900000, 0x00000000eab00000)
  object space 173056K, 99% used [0x00000000c0000000,0x00000000ca887170,0x00000000ca900000)
 Metaspace       used 58383K, committed 59648K, reserved 1114112K
  class space    used 6229K, committed 6784K, reserved 1048576K
}

