# JRE version: OpenJDK Runtime Environment Temurin-21.0.7+6 (21.0.7+6) (build 21.0.7+6-LTS)
# Java VM: OpenJDK 64-Bit Server VM Temurin-21.0.7+6 (21.0.7+6-LTS, mixed mode, sharing, tiered, compressed oops, compressed class ptrs, parallel gc, windows-amd64)
GC Precious Log:
 CardTable entry size: 512
 CPUs: 12 total, 12 available
 Memory: 7561M
 Large Page Support: Disabled
 NUMA Support: Disabled
 Compressed Oops: Enabled (32-bit)
 Alignments: Space 512K, Generation 512K, Heap 2M
 Heap Min Capacity: 100M
 Heap Initial Capacity: 100M
 Heap Max Capacity: 1G
 Pre-touch: Disabled
 Parallel Workers: 10
Heap:
 PSYoungGen      total 19968K, used 4089K [0x00000000eab00000, 0x00000000ec280000, 0x0000000100000000)
  eden space 15872K, 0% used [0x00000000eab00000,0x00000000eab00000,0x00000000eba80000)
  from space 4096K, 99% used [0x00000000eba80000,0x00000000ebe7e4e8,0x00000000ebe80000)
  to   space 4096K, 0% used [0x00000000ebe80000,0x00000000ebe80000,0x00000000ec280000)
 ParOldGen       total 72192K, used 71772K [0x00000000c0000000, 0x00000000c4680000, 0x00000000eab00000)
  object space 72192K, 99% used [0x00000000c0000000,0x00000000c4617150,0x00000000c4680000)
 Metaspace       used 49491K, committed 50752K, reserved 1114112K
  class space    used 5253K, committed 5824K, reserved 1048576K
GC Heap History (20 events):
Event: 6.470 GC heap before
{Heap before GC invocations=23 (full 2):
 PSYoungGen      total 21504K, used 21503K [0x00000000eab00000, 0x00000000ecb80000, 0x0000000100000000)
  eden space 18944K, 100% used [0x00000000eab00000,0x00000000ebd80000,0x00000000ebd80000)
  from space 2560K, 99% used [0x00000000ec300000,0x00000000ec57fed8,0x00000000ec580000)
  to   space 5632K, 0% used [0x00000000ebd80000,0x00000000ebd80000,0x00000000ec300000)
 ParOldGen       total 68608K, used 28411K [0x00000000c0000000, 0x00000000c4300000, 0x00000000eab00000)
  object space 68608K, 41% used [0x00000000c0000000,0x00000000c1bbeee8,0x00000000c4300000)
 Metaspace       used 45062K, committed 46400K, reserved 1114112K
  class space    used 4748K, committed 5376K, reserved 1048576K
}
Event: 6.472 GC heap after
{Heap after GC invocations=23 (full 2):
 PSYoungGen      total 21504K, used 2171K [0x00000000eab00000, 0x00000000ec480000, 0x0000000100000000)
  eden space 18944K, 0% used [0x00000000eab00000,0x00000000eab00000,0x00000000ebd80000)
  from space 2560K, 84% used [0x00000000ebd80000,0x00000000ebf9eee8,0x00000000ec000000)
  to   space 3584K, 0% used [0x00000000ec100000,0x00000000ec100000,0x00000000ec480000)
 ParOldGen       total 68608K, used 30963K [0x00000000c0000000, 0x00000000c4300000, 0x00000000eab00000)
  object space 68608K, 45% used [0x00000000c0000000,0x00000000c1e3ccf8,0x00000000c4300000)
 Metaspace       used 45062K, committed 46400K, reserved 1114112K
  class space    used 4748K, committed 5376K, reserved 1048576K
}
Event: 6.512 GC heap before
{Heap before GC invocations=24 (full 2):
 PSYoungGen      total 21504K, used 21115K [0x00000000eab00000, 0x00000000ec480000, 0x0000000100000000)
  eden space 18944K, 100% used [0x00000000eab00000,0x00000000ebd80000,0x00000000ebd80000)
  from space 2560K, 84% used [0x00000000ebd80000,0x00000000ebf9eee8,0x00000000ec000000)
  to   space 3584K, 0% used [0x00000000ec100000,0x00000000ec100000,0x00000000ec480000)
 ParOldGen       total 68608K, used 30963K [0x00000000c0000000, 0x00000000c4300000, 0x00000000eab00000)
  object space 68608K, 45% used [0x00000000c0000000,0x00000000c1e3ccf8,0x00000000c4300000)
 Metaspace       used 45312K, committed 46592K, reserved 1114112K
  class space    used 4779K, committed 5376K, reserved 1048576K
}
Event: 6.514 GC heap after
{Heap after GC invocations=24 (full 2):
 PSYoungGen      total 21504K, used 2442K [0x00000000eab00000, 0x00000000ec380000, 0x0000000100000000)
  eden space 18944K, 0% used [0x00000000eab00000,0x00000000eab00000,0x00000000ebd80000)
  from space 2560K, 95% used [0x00000000ec100000,0x00000000ec362ba8,0x00000000ec380000)
  to   space 2560K, 0% used [0x00000000ebd80000,0x00000000ebd80000,0x00000000ec000000)
 ParOldGen       total 68608K, used 32904K [0x00000000c0000000, 0x00000000c4300000, 0x00000000eab00000)
  object space 68608K, 47% used [0x00000000c0000000,0x00000000c20222f8,0x00000000c4300000)
 Metaspace       used 45312K, committed 46592K, reserved 1114112K
  class space    used 4779K, committed 5376K, reserved 1048576K
}
Event: 6.556 GC heap before
{Heap before GC invocations=25 (full 2):
 PSYoungGen      total 21504K, used 21386K [0x00000000eab00000, 0x00000000ec380000, 0x0000000100000000)
  eden space 18944K, 100% used [0x00000000eab00000,0x00000000ebd80000,0x00000000ebd80000)
  from space 2560K, 95% used [0x00000000ec100000,0x00000000ec362ba8,0x00000000ec380000)
  to   space 2560K, 0% used [0x00000000ebd80000,0x00000000ebd80000,0x00000000ec000000)
 ParOldGen       total 68608K, used 32904K [0x00000000c0000000, 0x00000000c4300000, 0x00000000eab00000)
  object space 68608K, 47% used [0x00000000c0000000,0x00000000c20222f8,0x00000000c4300000)
 Metaspace       used 45549K, committed 46784K, reserved 1114112K
  class space    used 4803K, committed 5376K, reserved 1048576K
}
Event: 6.560 GC heap after
{Heap after GC invocations=25 (full 2):
 PSYoungGen      total 21504K, used 2218K [0x00000000eab00000, 0x00000000ec280000, 0x0000000100000000)
  eden space 18944K, 0% used [0x00000000eab00000,0x00000000eab00000,0x00000000ebd80000)
  from space 2560K, 86% used [0x00000000ebd80000,0x00000000ebfaaa98,0x00000000ec000000)
  to   space 2560K, 0% used [0x00000000ec000000,0x00000000ec000000,0x00000000ec280000)
 ParOldGen       total 68608K, used 35227K [0x00000000c0000000, 0x00000000c4300000, 0x00000000eab00000)
  object space 68608K, 51% used [0x00000000c0000000,0x00000000c2266ec8,0x00000000c4300000)
 Metaspace       used 45549K, committed 46784K, reserved 1114112K
  class space    used 4803K, committed 5376K, reserved 1048576K
}
Event: 6.617 GC heap before
{Heap before GC invocations=26 (full 2):
 PSYoungGen      total 21504K, used 21162K [0x00000000eab00000, 0x00000000ec280000, 0x0000000100000000)
  eden space 18944K, 100% used [0x00000000eab00000,0x00000000ebd80000,0x00000000ebd80000)
  from space 2560K, 86% used [0x00000000ebd80000,0x00000000ebfaaa98,0x00000000ec000000)
  to   space 2560K, 0% used [0x00000000ec000000,0x00000000ec000000,0x00000000ec280000)
 ParOldGen       total 68608K, used 35227K [0x00000000c0000000, 0x00000000c4300000, 0x00000000eab00000)
  object space 68608K, 51% used [0x00000000c0000000,0x00000000c2266ec8,0x00000000c4300000)
 Metaspace       used 45889K, committed 47168K, reserved 1114112K
  class space    used 4845K, committed 5440K, reserved 1048576K
}
Event: 6.620 GC heap after
{Heap after GC invocations=26 (full 2):
 PSYoungGen      total 21504K, used 2497K [0x00000000eab00000, 0x00000000ec280000, 0x0000000100000000)
  eden space 18944K, 0% used [0x00000000eab00000,0x00000000eab00000,0x00000000ebd80000)
  from space 2560K, 97% used [0x00000000ec000000,0x00000000ec270788,0x00000000ec280000)
  to   space 2560K, 0% used [0x00000000ebd80000,0x00000000ebd80000,0x00000000ec000000)
 ParOldGen       total 68608K, used 37304K [0x00000000c0000000, 0x00000000c4300000, 0x00000000eab00000)
  object space 68608K, 54% used [0x00000000c0000000,0x00000000c246e000,0x00000000c4300000)
 Metaspace       used 45889K, committed 47168K, reserved 1114112K
  class space    used 4845K, committed 5440K, reserved 1048576K
}
Event: 6.669 GC heap before
{Heap before GC invocations=27 (full 2):
 PSYoungGen      total 21504K, used 21441K [0x00000000eab00000, 0x00000000ec280000, 0x0000000100000000)
  eden space 18944K, 100% used [0x00000000eab00000,0x00000000ebd80000,0x00000000ebd80000)
  from space 2560K, 97% used [0x00000000ec000000,0x00000000ec270788,0x00000000ec280000)
  to   space 2560K, 0% used [0x00000000ebd80000,0x00000000ebd80000,0x00000000ec000000)
 ParOldGen       total 68608K, used 37304K [0x00000000c0000000, 0x00000000c4300000, 0x00000000eab00000)
  object space 68608K, 54% used [0x00000000c0000000,0x00000000c246e000,0x00000000c4300000)
 Metaspace       used 46228K, committed 47552K, reserved 1114112K
  class space    used 4878K, committed 5504K, reserved 1048576K
}
Event: 6.671 GC heap after
{Heap after GC invocations=27 (full 2):
 PSYoungGen      total 21504K, used 2537K [0x00000000eab00000, 0x00000000ec880000, 0x0000000100000000)
  eden space 18944K, 0% used [0x00000000eab00000,0x00000000eab00000,0x00000000ebd80000)
  from space 2560K, 99% used [0x00000000ebd80000,0x00000000ebffa418,0x00000000ec000000)
  to   space 5632K, 0% used [0x00000000ec300000,0x00000000ec300000,0x00000000ec880000)
 ParOldGen       total 68608K, used 39800K [0x00000000c0000000, 0x00000000c4300000, 0x00000000eab00000)
  object space 68608K, 58% used [0x00000000c0000000,0x00000000c26de0b0,0x00000000c4300000)
 Metaspace       used 46228K, committed 47552K, reserved 1114112K
  class space    used 4878K, committed 5504K, reserved 1048576K
}
Event: 6.717 GC heap before
{Heap before GC invocations=28 (full 2):
 PSYoungGen      total 21504K, used 21481K [0x00000000eab00000, 0x00000000ec880000, 0x0000000100000000)
  eden space 18944K, 100% used [0x00000000eab00000,0x00000000ebd80000,0x00000000ebd80000)
  from space 2560K, 99% used [0x00000000ebd80000,0x00000000ebffa418,0x00000000ec000000)
  to   space 5632K, 0% used [0x00000000ec300000,0x00000000ec300000,0x00000000ec880000)
 ParOldGen       total 68608K, used 39800K [0x00000000c0000000, 0x00000000c4300000, 0x00000000eab00000)
  object space 68608K, 58% used [0x00000000c0000000,0x00000000c26de0b0,0x00000000c4300000)
 Metaspace       used 46447K, committed 47680K, reserved 1114112K
  class space    used 4907K, committed 5504K, reserved 1048576K
}
Event: 6.722 GC heap after
{Heap after GC invocations=28 (full 2):
 PSYoungGen      total 22016K, used 2720K [0x00000000eab00000, 0x00000000ec600000, 0x0000000100000000)
  eden space 18944K, 0% used [0x00000000eab00000,0x00000000eab00000,0x00000000ebd80000)
  from space 3072K, 88% used [0x00000000ec300000,0x00000000ec5a8328,0x00000000ec600000)
  to   space 3584K, 0% used [0x00000000ebf00000,0x00000000ebf00000,0x00000000ec280000)
 ParOldGen       total 68608K, used 42327K [0x00000000c0000000, 0x00000000c4300000, 0x00000000eab00000)
  object space 68608K, 61% used [0x00000000c0000000,0x00000000c2955ca8,0x00000000c4300000)
 Metaspace       used 46447K, committed 47680K, reserved 1114112K
  class space    used 4907K, committed 5504K, reserved 1048576K
}
Event: 6.766 GC heap before
{Heap before GC invocations=29 (full 2):
 PSYoungGen      total 22016K, used 21664K [0x00000000eab00000, 0x00000000ec600000, 0x0000000100000000)
  eden space 18944K, 100% used [0x00000000eab00000,0x00000000ebd80000,0x00000000ebd80000)
  from space 3072K, 88% used [0x00000000ec300000,0x00000000ec5a8328,0x00000000ec600000)
  to   space 3584K, 0% used [0x00000000ebf00000,0x00000000ebf00000,0x00000000ec280000)
 ParOldGen       total 68608K, used 42327K [0x00000000c0000000, 0x00000000c4300000, 0x00000000eab00000)
  object space 68608K, 61% used [0x00000000c0000000,0x00000000c2955ca8,0x00000000c4300000)
 Metaspace       used 46671K, committed 47872K, reserved 1114112K
  class space    used 4930K, committed 5504K, reserved 1048576K
}
Event: 6.770 GC heap after
{Heap after GC invocations=29 (full 2):
 PSYoungGen      total 22016K, used 2759K [0x00000000eab00000, 0x00000000ec380000, 0x0000000100000000)
  eden space 18944K, 0% used [0x00000000eab00000,0x00000000eab00000,0x00000000ebd80000)
  from space 3072K, 89% used [0x00000000ebf00000,0x00000000ec1b1ee0,0x00000000ec200000)
  to   space 1536K, 0% used [0x00000000ec200000,0x00000000ec200000,0x00000000ec380000)
 ParOldGen       total 68608K, used 44879K [0x00000000c0000000, 0x00000000c4300000, 0x00000000eab00000)
  object space 68608K, 65% used [0x00000000c0000000,0x00000000c2bd3ec0,0x00000000c4300000)
 Metaspace       used 46671K, committed 47872K, reserved 1114112K
  class space    used 4930K, committed 5504K, reserved 1048576K
}
Event: 6.846 GC heap before
{Heap before GC invocations=30 (full 2):
 PSYoungGen      total 22016K, used 21703K [0x00000000eab00000, 0x00000000ec380000, 0x0000000100000000)
  eden space 18944K, 100% used [0x00000000eab00000,0x00000000ebd80000,0x00000000ebd80000)
  from space 3072K, 89% used [0x00000000ebf00000,0x00000000ec1b1ee0,0x00000000ec200000)
  to   space 1536K, 0% used [0x00000000ec200000,0x00000000ec200000,0x00000000ec380000)
 ParOldGen       total 68608K, used 44879K [0x00000000c0000000, 0x00000000c4300000, 0x00000000eab00000)
  object space 68608K, 65% used [0x00000000c0000000,0x00000000c2bd3ec0,0x00000000c4300000)
 Metaspace       used 47173K, committed 48448K, reserved 1114112K
  class space    used 5001K, committed 5568K, reserved 1048576K
}
Event: 6.851 GC heap after
{Heap after GC invocations=30 (full 2):
 PSYoungGen      total 17408K, used 1504K [0x00000000eab00000, 0x00000000ecc80000, 0x0000000100000000)
  eden space 15872K, 0% used [0x00000000eab00000,0x00000000eab00000,0x00000000eba80000)
  from space 1536K, 97% used [0x00000000ec200000,0x00000000ec378068,0x00000000ec380000)
  to   space 7680K, 0% used [0x00000000eba80000,0x00000000eba80000,0x00000000ec200000)
 ParOldGen       total 68608K, used 50097K [0x00000000c0000000, 0x00000000c4300000, 0x00000000eab00000)
  object space 68608K, 73% used [0x00000000c0000000,0x00000000c30ec410,0x00000000c4300000)
 Metaspace       used 47173K, committed 48448K, reserved 1114112K
  class space    used 5001K, committed 5568K, reserved 1048576K
}
Event: 6.950 GC heap before
{Heap before GC invocations=31 (full 2):
 PSYoungGen      total 17408K, used 17376K [0x00000000eab00000, 0x00000000ecc80000, 0x0000000100000000)
  eden space 15872K, 100% used [0x00000000eab00000,0x00000000eba80000,0x00000000eba80000)
  from space 1536K, 97% used [0x00000000ec200000,0x00000000ec378068,0x00000000ec380000)
  to   space 7680K, 0% used [0x00000000eba80000,0x00000000eba80000,0x00000000ec200000)
 ParOldGen       total 68608K, used 50097K [0x00000000c0000000, 0x00000000c4300000, 0x00000000eab00000)
  object space 68608K, 73% used [0x00000000c0000000,0x00000000c30ec410,0x00000000c4300000)
 Metaspace       used 48525K, committed 49792K, reserved 1114112K
  class space    used 5140K, committed 5760K, reserved 1048576K
}
Event: 6.954 GC heap after
{Heap after GC invocations=31 (full 2):
 PSYoungGen      total 18944K, used 2887K [0x00000000eab00000, 0x00000000ec380000, 0x0000000100000000)
  eden space 15872K, 0% used [0x00000000eab00000,0x00000000eab00000,0x00000000eba80000)
  from space 3072K, 93% used [0x00000000eba80000,0x00000000ebd51e68,0x00000000ebd80000)
  to   space 4608K, 0% used [0x00000000ebf00000,0x00000000ebf00000,0x00000000ec380000)
 ParOldGen       total 68608K, used 51611K [0x00000000c0000000, 0x00000000c4300000, 0x00000000eab00000)
  object space 68608K, 75% used [0x00000000c0000000,0x00000000c3266e20,0x00000000c4300000)
 Metaspace       used 48525K, committed 49792K, reserved 1114112K
  class space    used 5140K, committed 5760K, reserved 1048576K
}
Event: 7.053 GC heap before
{Heap before GC invocations=32 (full 2):
 PSYoungGen      total 18944K, used 18759K [0x00000000eab00000, 0x00000000ec380000, 0x0000000100000000)
  eden space 15872K, 100% used [0x00000000eab00000,0x00000000eba80000,0x00000000eba80000)
  from space 3072K, 93% used [0x00000000eba80000,0x00000000ebd51e68,0x00000000ebd80000)
  to   space 4608K, 0% used [0x00000000ebf00000,0x00000000ebf00000,0x00000000ec380000)
 ParOldGen       total 68608K, used 51611K [0x00000000c0000000, 0x00000000c4300000, 0x00000000eab00000)
  object space 68608K, 75% used [0x00000000c0000000,0x00000000c3266e20,0x00000000c4300000)
 Metaspace       used 49241K, committed 50496K, reserved 1114112K
  class space    used 5217K, committed 5824K, reserved 1048576K
}
Event: 7.056 GC heap after
{Heap after GC invocations=32 (full 2):
 PSYoungGen      total 19968K, used 3863K [0x00000000eab00000, 0x00000000ec300000, 0x0000000100000000)
  eden space 15872K, 0% used [0x00000000eab00000,0x00000000eab00000,0x00000000eba80000)
  from space 4096K, 94% used [0x00000000ebf00000,0x00000000ec2c5e30,0x00000000ec300000)
  to   space 4096K, 0% used [0x00000000ebb00000,0x00000000ebb00000,0x00000000ebf00000)
 ParOldGen       total 68608K, used 54264K [0x00000000c0000000, 0x00000000c4300000, 0x00000000eab00000)
  object space 68608K, 79% used [0x00000000c0000000,0x00000000c34fe1c0,0x00000000c4300000)
 Metaspace       used 49241K, committed 50496K, reserved 1114112K
  class space    used 5217K, committed 5824K, reserved 1048576K
}

